.addClass(mondrian.olap.Axis.class)
.addClass(org.apache.commons.digester.ObjectCreateRule.class)
.addClass(org.apache.commons.beanutils.locale.LocaleConvertUtilsBean.class)
.addClass(org.jfree.chart.JFreeChart.class)
.addClass(org.jfree.ui.Drawable.class)
.addClass(org.apache.poi.ss.usermodel.Sheet.class)
.addClass(jxl.JXLException.class)
.addClass(org.jfree.chart.plot.PlotOrientation.class)
.addClass(jxl.write.biff.CellValue.class)
.addClass(org.jfree.chart.plot.Crosshair.class)
.addClass(org.krysalis.barcode4j.HumanReadablePlacement.class)
.addClass(org.exolab.castor.mapping.ValidityException.class)
.addClass(org.apache.commons.digester.ObjectCreateRule.class)
.addClass(org.jfree.chart.JFreeChart.class)
.addClass(com.fasterxml.jackson.databind.node.ObjectNode.class)
.addClass(org.apache.lucene.analysis.ReusableStringReader.class)
.addClass(org.mozilla.javascript.ScriptableObject.class)
.addClass(org.apache.lucene.store.AlreadyClosedException.class)
.addClass(jxl.format.Pattern.class)
.addClass(org.jfree.chart.plot.PlotOrientation.class)
.addClass(org.krysalis.barcode4j.HumanReadablePlacement.class)
.addClass(org.krysalis.barcode4j.HumanReadablePlacement.class)
.addClass(org.jfree.chart.plot.Crosshair.class)
.addClass(jxl.write.WritableSheet.class)
.addClass(com.lowagie.text.pdf.PdfChunk.class)
.addClass(org.apache.batik.dom.svg.SVGDocumentFactory.class)
.addClass(org.apache.commons.beanutils.locale.LocaleConvertUtilsBean.class)
.addClass(net.sourceforge.barbecue.Barcode.class)
.addClass(org.apache.commons.beanutils.locale.LocaleConvertUtilsBean.class)
.addClass(com.google.zxing.WriterException.class)
.addClass(org.apache.tools.ant.Project.class)
.addClass(org.apache.commons.collections.map.ReferenceMap.class)
.addClass(groovyjarjarasm.asm.Attribute.class)
.addClass(org.apache.commons.beanutils.NestedNullException.class)
.addClass(org.apache.tools.ant.Project.class)
.addClass(jxl.format.BorderLineStyle.class)
.addClass(org.apache.batik.dom.svg.SVGDocumentFactory.class)
.addClass(org.jfree.data.time.TimePeriod.class)
.addClass(org.apache.commons.pool2.PooledObject.class)
.addClass(org.apache.tools.ant.Project.class)
.addClass(org.jfree.data.category.CategoryDataset.class)
.addClass(org.krysalis.barcode4j.BarcodeGenerator.class)
.addClass(org.jfree.chart.entity.ChartEntity.class)
.addClass(net.sourceforge.barbecue.Barcode.class)
.addClass(org.apache.commons.collections.map.ReferenceMap.class)
.addClass(org.mozilla.javascript.EvaluatorException.class)
.addClass(org.jfree.chart.plot.PlotOrientation.class)
.addClass(org.exolab.castor.mapping.ValidityException.class)
.addClass(com.fasterxml.jackson.databind.ObjectMapper.class)
.addClass(org.apache.commons.collections.map.ReferenceMap.class)
.addClass(org.jfree.data.general.DatasetChangeListener.class)
.addClass(org.jfree.data.category.CategoryDataset.class)
.addClass(com.fasterxml.jackson.databind.JsonNode.class)
.addClass(org.jfree.data.time.TimePeriod.class)
.addClass(com.lowagie.text.pdf.PdfContentByte.class)
.addClass(org.olap4j.metadata.Hierarchy.class)
.addClass(com.lowagie.text.Chunk.class)
.addClass(org.jfree.chart.plot.PlotOrientation.class)
.addClass(org.jfree.data.contour.ContourDataset.class)
.addClass(antlr.MismatchedTokenException.class)
.addClass(org.jfree.data.DomainOrder.class)
.addClass(org.jfree.chart.plot.PlotOrientation.class)
.addClass(org.apache.commons.collections.map.ReferenceMap.class)
.addClass(net.sourceforge.barbecue.Barcode.class)
.addClass(org.apache.batik.dom.svg.SVGDocumentFactory.class)
.addClass(org.jfree.chart.plot.PlotOrientation.class)
.addClass(com.lowagie.text.pdf.PdfContentByte.class)
.addClass(org.olap4j.Position.class)
.addClass(antlr.MismatchedTokenException.class)
.addClass(mondrian.olap.Hierarchy.class)
.addClass(org.apache.commons.beanutils.locale.LocaleConvertUtilsBean.class)
.addClass(net.sourceforge.barbecue.Barcode.class)
.addClass(net.sourceforge.barbecue.Barcode.class)
.addClass(org.jfree.chart.plot.PlotOrientation.class)
.addClass(antlr.ANTLRException.class)
.addClass(com.fasterxml.jackson.databind.JsonNode.class)
.addClass(org.mozilla.javascript.ScriptableObject.class)
.addClass(org.jfree.chart.plot.PlotOrientation.class)
.addClass(org.krysalis.barcode4j.HumanReadablePlacement.class)
.addClass(org.olap4j.metadata.Member.class)
.addClass(org.krysalis.barcode4j.impl.AbstractBarcodeBean.class)
.addClass(org.apache.velocity.context.Context.class)
.addClass(net.sourceforge.barbecue.Barcode.class)
.addClass(org.eclipse.jdt.internal.compiler.IProblemFactory.class)
.addClass(org.jfree.data.general.PieDataset.class)
.addClass(org.mozilla.javascript.EvaluatorException.class)
.addClass(org.jfree.data.Values2D.class)
.addClass(net.sourceforge.barbecue.Barcode.class)
.addClass(com.fasterxml.jackson.databind.JsonNode.class)
.addClass(antlr.MismatchedTokenException.class)
.addClass(org.jfree.chart.JFreeChart.class)
.addClass(mondrian.olap.Connection.class)
.addClass(mondrian.olap.Member.class)
.addClass(org.codehaus.groovy.tools.GroovyClass.class)
.addClass(org.jfree.data.category.CategoryDataset.class)
.addClass(org.olap4j.CellSet.class)
.addClass(org.krysalis.barcode4j.HumanReadablePlacement.class)
.addClass(net.sourceforge.barbecue.Barcode.class)
.addClass(antlr.MismatchedTokenException.class)
.addClass(org.jfree.chart.plot.PlotOrientation.class)
.addClass(net.sourceforge.barbecue.Barcode.class)
.addClass(org.jfree.chart.plot.PlotOrientation.class)
.addClass(org.apache.tools.ant.Project.class)
.addClass(com.fasterxml.jackson.databind.JsonNode.class)
.addClass(org.codehaus.groovy.control.SourceUnit.class)
.addClass(org.codehaus.groovy.tools.GroovyClass.class)
.addClass(org.codehaus.groovy.control.SourceUnit.class)
.addClass(org.codehaus.groovy.control.SourceUnit.class)
.addClass(org.codehaus.groovy.control.SourceUnit.class)
.addClass(groovyjarjarasm.asm.Attribute.class)
.addClass(org.codehaus.groovy.control.SourceUnit.class)
.addClass(org.codehaus.groovy.control.SourceUnit.class)
.addClass(org.codehaus.groovy.control.SourceUnit.class)
.addClass(org.codehaus.groovy.control.SourceUnit.class)
.addClass(org.olap4j.metadata.Member.class)
.addClass(jxl.format.Pattern.class)
.addClass(org.apache.commons.beanutils.NestedNullException.class)
.addClass(net.sourceforge.barbecue.Barcode.class)
.addClass(org.apache.commons.beanutils.locale.LocaleConvertUtilsBean.class)
.addClass(com.lowagie.text.pdf.PdfChunk.class)
.addClass(org.jfree.data.category.DefaultCategoryDataset.class)
.addClass(org.jfree.data.general.PieDataset.class)
.addClass(net.sourceforge.barbecue.output.OutputException.class)
.addClass(org.jfree.data.Values2D.class)
.addClass(org.jfree.chart.plot.PlotOrientation.class)
.addClass(net.sourceforge.barbecue.Barcode.class)
.addClass(org.apache.tools.ant.Project.class)
.addClass(com.lowagie.text.pdf.PdfContentByte.class)
.addClass(org.apache.batik.dom.svg.SVGDocumentFactory.class)
.addClass(net.sourceforge.barbecue.Barcode.class)
.addClass(org.jfree.chart.axis.TickUnit.class)
.addClass(jxl.read.biff.BiffException.class)
.addClass(org.jfree.chart.entity.ChartEntity.class)
.addClass(com.fasterxml.jackson.databind.JsonNode.class)
.addClass(com.fasterxml.jackson.databind.JsonNode.class)
.addClass(org.mozilla.javascript.ScriptableObject.class)
.addClass(org.jfree.chart.plot.PlotOrientation.class)
.addClass(org.apache.http.client.ClientProtocolException.class)
.addClass(org.jfree.chart.plot.PlotOrientation.class)
.addClass(org.jfree.chart.plot.PlotOrientation.class)
.addClass(org.krysalis.barcode4j.HumanReadablePlacement.class)
.addClass(org.apache.commons.beanutils.locale.LocaleConvertUtilsBean.class)
.addClass(org.jfree.chart.plot.PlotOrientation.class)
.addClass(org.jfree.data.general.PieDataset.class)
.addClass(org.mozilla.javascript.Script.class)
.addClass(org.jfree.data.general.DatasetGroup.class)
.addClass(net.sourceforge.barbecue.Barcode.class)
.addClass(org.apache.poi.hssf.usermodel.HSSFCellStyle.class)
.addClass(org.mozilla.javascript.EvaluatorException.class)
.addClass(org.apache.http.conn.HttpClientConnectionManager.class)
.addClass(org.apache.commons.beanutils.locale.LocaleConvertUtilsBean.class)
.addClass(org.jfree.chart.plot.PlotOrientation.class)
.addClass(org.jfree.chart.plot.PlotOrientation.class)
.addClass(com.lowagie.text.Image.class)
.addClass(org.springframework.beans.factory.ListableBeanFactory.class)
.addClass(org.apache.commons.collections.map.ReferenceMap.class)
.addClass(org.jfree.chart.plot.PlotOrientation.class)
.addClass(org.jfree.data.general.DatasetGroup.class)
.addClass(org.springframework.core.io.Resource.class)
.addClass(com.lowagie.text.pdf.BaseFont.class)
.addClass(org.apache.poi.hssf.usermodel.HSSFFont.class)
.addClass(mondrian.olap.Level.class)
.addClass(jxl.write.biff.CellValue.class)
.addClass(org.jfree.chart.plot.PlotOrientation.class)
.addClass(org.olap4j.Cell.class)
.addClass(org.olap4j.CellSetAxis.class)
.addClass(org.jfree.data.Values2D.class)
.addClass(org.jaxen.JaxenException.class)
.addClass(org.apache.batik.gvt.text.GVTAttributedCharacterIterator$TextAttribute.class)
.addClass(net.sourceforge.barbecue.Barcode.class)
.addClass(org.jfree.data.time.RegularTimePeriod.class)
.addClass(org.codehaus.groovy.ast.ClassNode.class)
.addClass(org.apache.commons.collections.map.ReferenceMap.class)
.addClass(org.krysalis.barcode4j.HumanReadablePlacement.class)
.addClass(org.jfree.chart.JFreeChart.class)
.addClass(org.jfree.chart.plot.PlotOrientation.class)
.addClass(org.codehaus.groovy.ast.ClassNode.class)
.addClass(org.eclipse.jdt.internal.compiler.classfmt.ClassFormatException.class)
.addClass(org.apache.commons.javaflow.Continuation.class)
.addClass(com.fasterxml.jackson.databind.JsonNode.class)
.addClass(org.jfree.data.Values2D.class)
.addClass(org.jfree.chart.JFreeChart.class)
.addClass(org.jfree.chart.entity.ChartEntity.class)
.addClass(antlr.MismatchedCharException.class)
.addClass(net.sourceforge.barbecue.Barcode.class)
.addClass(org.apache.commons.collections.map.ReferenceMap.class)
.addClass(org.krysalis.barcode4j.impl.AbstractBarcodeBean.class)
.addClass(org.apache.tools.ant.Project.class)
.addClass(org.apache.xpath.CachedXPathAPI.class)
.addClass(org.apache.commons.collections.map.ReferenceMap.class)
.addClass(com.fasterxml.jackson.databind.JsonNode.class)
.addClass(org.apache.batik.bridge.BridgeException.class)
.addClass(net.sourceforge.barbecue.Barcode.class)
.addClass(net.sourceforge.barbecue.Barcode.class)
.addClass(org.jfree.data.general.PieDataset.class)
.addClass(org.jfree.chart.plot.PlotOrientation.class)
.addClass(org.eclipse.jdt.core.compiler.IProblem.class)
.addClass(org.krysalis.barcode4j.output.CanvasProvider.class)
.addClass(org.apache.commons.collections.map.ReferenceMap.class)
.addClass(org.jfree.data.category.CategoryDataset.class)
.addClass(org.jfree.data.general.PieDataset.class)
.addClass(org.apache.batik.bridge.BridgeException.class)
.addClass(org.apache.lucene.store.AlreadyClosedException.class)
.addClass(org.jfree.data.category.DefaultCategoryDataset.class)
.addClass(org.apache.batik.gvt.font.GVTFont.class)
.addClass(antlr.MismatchedCharException.class)
.addClass(com.fasterxml.jackson.core.JsonParseException.class)
.addClass(org.jfree.chart.JFreeChart.class)
.addClass(org.jfree.ui.TextAnchor.class)
.addClass(org.apache.commons.beanutils.NestedNullException.class)
.addClass(org.jfree.chart.plot.PlotOrientation.class)
.addClass(groovy.lang.GroovyClassLoader.class)
.addClass(net.sourceforge.barbecue.Barcode.class)
.addClass(com.fasterxml.jackson.databind.ObjectMapper.class)
.addClass(org.jfree.data.general.PieDataset.class)
.addClass(org.mozilla.javascript.Context.class)
.addClass(org.jfree.chart.plot.PlotOrientation.class)
.addClass(org.apache.commons.beanutils.NestedNullException.class)
.addClass(org.jfree.chart.plot.PlotOrientation.class)
.addClass(org.mozilla.javascript.Context.class)
.addClass(mondrian.olap.Connection.class)
.addClass(org.apache.commons.beanutils.ConversionException.class)
.addClass(net.sourceforge.barbecue.Barcode.class)
.addClass(org.jfree.chart.plot.PlotOrientation.class)
.addClass(org.jfree.data.xy.XYSeries.class)
.addClass(org.apache.commons.beanutils.ConversionException.class)
.addClass(org.apache.lucene.index.IndexReader.class)
.addClass(com.fasterxml.jackson.core.JsonProcessingException.class)
.addClass(org.jfree.chart.plot.PlotOrientation.class)
.addClass(org.codehaus.groovy.control.CompilationFailedException.class)
.addClass(org.jfree.chart.plot.PlotOrientation.class)
.addClass(org.apache.http.client.methods.HttpRequestBase.class)
.addClass(org.apache.tools.ant.Project.class)
.addClass(org.apache.commons.beanutils.ConversionException.class)
.addClass(com.google.zxing.WriterException.class)
.addClass(org.apache.commons.beanutils.NestedNullException.class)
.addClass(org.apache.batik.dom.svg.SVGDocumentFactory.class)
.addClass(antlr.ANTLRException.class)
.addClass(org.apache.commons.beanutils.locale.LocaleConvertUtilsBean.class)
.addClass(org.apache.tools.ant.Project.class)
.addClass(mondrian.olap.Cell.class)
.addClass(org.jfree.data.general.DatasetGroup.class)
.addClass(org.jfree.data.time.TimePeriod.class)
.addClass(org.krysalis.barcode4j.impl.AbstractBarcodeBean.class)
.addClass(org.jfree.chart.plot.DrawingSupplier.class)
.addClass(org.jfree.data.general.DefaultValueDataset.class)
.addClass(org.krysalis.barcode4j.HumanReadablePlacement.class)
.addClass(net.sourceforge.barbecue.Barcode.class)
.addClass(org.krysalis.barcode4j.HumanReadablePlacement.class)
.addClass(org.jfree.ui.Drawable.class)
.addClass(org.eclipse.jdt.internal.compiler.CompilationResult.class)
.addClass(org.jfree.chart.entity.ChartEntity.class)
.addClass(org.apache.commons.collections.map.ReferenceMap.class)
.addClass(org.apache.commons.collections.map.ReferenceMap.class)
.addClass(com.lowagie.text.pdf.BaseFont.class)
.addClass(org.jfree.chart.plot.PlotOrientation.class)
.addClass(mondrian.olap.Position.class)
.addClass(org.jfree.chart.plot.PlotOrientation.class)
.addClass(org.apache.commons.beanutils.locale.LocaleConvertUtilsBean.class)
.addClass(net.sourceforge.barbecue.Barcode.class)
.addClass(net.sourceforge.barbecue.Barcode.class)
.addClass(org.jfree.chart.entity.ChartEntity.class)
.addClass(org.codehaus.groovy.control.CompilerConfiguration.class)
.addClass(org.apache.tools.ant.Project.class)
.addClass(org.krysalis.barcode4j.HumanReadablePlacement.class)
.addClass(antlr.MismatchedCharException.class)
.addClass(org.apache.tools.ant.types.selectors.FileSelector.class)
.addClass(org.jfree.data.Values2D.class)
.addClass(com.lowagie.text.pdf.PdfContentByte.class)
.addClass(org.jfree.chart.plot.PlotOrientation.class)
.addClass(org.apache.commons.collections.map.ReferenceMap.class)
.addClass(net.sourceforge.barbecue.Barcode.class)
.addClass(net.sourceforge.barbecue.Barcode.class)
.addClass(antlr.MismatchedTokenException.class)
.addClass(org.jfree.data.Values2D.class)
.addClass(net.sourceforge.barbecue.Barcode.class)
.addClass(org.jfree.data.general.SeriesChangeEvent.class)
.addClass(jxl.write.biff.CellValue.class)
.addClass(com.fasterxml.jackson.databind.node.ObjectNode.class)
.addClass(org.apache.commons.beanutils.locale.LocaleConvertUtilsBean.class)
.addClass(net.sourceforge.barbecue.Barcode.class)
.addClass(com.lowagie.text.pdf.PdfOutline.class)
.addClass(org.apache.commons.collections.map.ReferenceMap.class)
.addClass(org.apache.commons.collections.map.ReferenceMap.class)
.addClass(org.apache.batik.dom.svg.SVGDocumentFactory.class)
.addClass(com.fasterxml.jackson.databind.JsonNode.class)
.addClass(com.lowagie.text.BadElementException.class)
.addClass(org.apache.commons.pool2.PooledObject.class)
.addClass(org.jfree.data.general.DatasetGroup.class)
.addClass(org.apache.commons.beanutils.ConversionException.class)
.addClass(org.codehaus.groovy.control.CompilationFailedException.class)
.addClass(org.krysalis.barcode4j.HumanReadablePlacement.class)
.addClass(net.sourceforge.barbecue.Barcode.class)
.addClass(org.krysalis.barcode4j.HumanReadablePlacement.class)
.addClass(org.apache.commons.beanutils.ConversionException.class)
.addClass(org.krysalis.barcode4j.HumanReadablePlacement.class)
.addClass(org.apache.lucene.analysis.ReusableStringReader.class)
.addClass(org.jfree.chart.JFreeChart.class)
.addClass(com.fasterxml.jackson.core.JsonParseException.class)
.addClass(org.apache.commons.collections.map.ReferenceMap.class)
.addClass(org.jfree.chart.plot.PlotOrientation.class)
.addClass(org.jfree.data.Values2D.class)
.addClass(org.jfree.chart.plot.PlotOrientation.class)
.addClass(org.olap4j.OlapException.class)
.addClass(org.apache.batik.svggen.SVGGraphics2DIOException.class)
.addClass(jxl.format.BorderLineStyle.class)
.addClass(org.jfree.chart.plot.PlotOrientation.class)
.addClass(org.jfree.chart.entity.ChartEntity.class)
.addClass(org.w3c.dom.svg.SVGAElement.class)
.addClass(org.jfree.chart.plot.PlotOrientation.class)
.addClass(org.apache.commons.beanutils.locale.LocaleConvertUtilsBean.class)
.addClass(org.jfree.chart.plot.PlotOrientation.class)
.addClass(org.apache.commons.beanutils.locale.LocaleConvertUtilsBean.class)
.addClass(org.apache.tools.ant.BuildException.class)
.addClass(net.sourceforge.barbecue.Barcode.class)
.addClass(org.eclipse.jdt.internal.compiler.CompilationResult.class)
.addClass(org.apache.batik.bridge.FontFace.class)
.addClass(groovy.lang.MissingMethodException.class)
.addClass(net.sourceforge.barbecue.Barcode.class)
.addClass(org.codehaus.groovy.control.SourceUnit.class)
.addClass(org.apache.commons.collections.map.ReferenceMap.class)
.addClass(org.apache.lucene.analysis.TokenStream.class)
.addClass(org.apache.batik.bridge.FontFace.class)
.addClass(com.lowagie.text.Image.class)
.addClass(org.jfree.data.time.RegularTimePeriod.class)
.addClass(com.fasterxml.jackson.databind.node.ObjectNode.class)
.addClass(org.krysalis.barcode4j.HumanReadablePlacement.class)
.addClass(org.jfree.data.time.TimeSeries.class)
.addClass(com.fasterxml.jackson.databind.JsonNode.class)
.addClass(org.jfree.chart.plot.PlotOrientation.class)
.addClass(org.mozilla.javascript.ScriptableObject.class)
.addClass(org.w3c.tools.codec.Base64FormatException.class)
.addClass(net.sourceforge.barbecue.BarcodeException.class)
.addClass(org.mozilla.javascript.Context.class)
.addClass(jxl.write.biff.CellValue.class)
.addClass(bsh.EvalError.class)
.addClass(org.jfree.data.time.TimePeriod.class)
.addClass(org.apache.poi.hssf.usermodel.HSSFFont.class)
.addClass(org.jfree.chart.plot.PlotOrientation.class)
.addClass(org.apache.lucene.store.AlreadyClosedException.class)
.addClass(org.jfree.data.contour.ContourDataset.class)
.addClass(org.apache.batik.gvt.text.GVTAttributedCharacterIterator$TextAttribute.class)
.addClass(org.apache.velocity.VelocityContext.class)
.addClass(com.lowagie.text.pdf.PdfWriter.class)
.addClass(org.jfree.chart.plot.PlotOrientation.class)
.addClass(com.fasterxml.jackson.databind.JsonNode.class)
.addClass(antlr.Token.class)
.addClass(org.jfree.chart.plot.PlotOrientation.class)
.addClass(org.codehaus.groovy.control.SourceUnit.class)
.addClass(org.exolab.castor.mapping.ValidityException.class)
.addClass(org.olap4j.OlapException.class)
.addClass(org.apache.tools.ant.Project.class)
.addClass(org.jfree.chart.JFreeChart.class)
.addClass(org.jfree.chart.plot.PlotOrientation.class)
.addClass(org.apache.poi.ss.usermodel.Font.class)
.addClass(org.codehaus.groovy.control.CompilerConfiguration.class)
.addClass(org.apache.xpath.CachedXPathAPI.class)
.addClass(org.apache.commons.collections.map.ReferenceMap.class)
.addClass(org.jfree.data.general.PieDataset.class)
.addClass(net.sourceforge.barbecue.Barcode.class)
.addClass(org.eclipse.jdt.internal.compiler.env.NameEnvironmentAnswer.class)
.addClass(com.fasterxml.jackson.databind.JsonNode.class)
.addClass(org.exolab.castor.mapping.MappingException.class)
.addClass(groovyjarjarasm.asm.Attribute.class)
.addClass(org.jfree.chart.plot.PlotOrientation.class)
.addClass(org.apache.commons.pool2.PooledObject.class)
.addClass(com.adobe.xmp.XMPException.class)
.addClass(com.lowagie.text.DocumentException.class)
.addClass(org.codehaus.groovy.control.SourceUnit.class)
.addClass(org.codehaus.groovy.control.SourceUnit.class)
.addClass(org.codehaus.groovy.control.SourceUnit.class)
.addClass(org.codehaus.groovy.control.SourceUnit.class)
.addClass(org.codehaus.groovy.control.SourceUnit.class)
.addClass(org.codehaus.groovy.control.SourceUnit.class)
.addClass(org.codehaus.groovy.control.SourceUnit.class)
.addClass(org.codehaus.groovy.control.SourceUnit.class)
.addClass(org.codehaus.groovy.control.SourceUnit.class)
.addClass(org.jfree.chart.plot.PlotOrientation.class)
.addClass(org.jfree.chart.plot.PlotOrientation.class)
.addClass(org.jfree.chart.plot.PlotOrientation.class)
.addClass(org.krysalis.barcode4j.output.CanvasProvider.class)
.addClass(mondrian.olap.Member.class)
.addClass(org.apache.commons.digester.SetNestedPropertiesRule.class)
.addClass(org.jaxen.JaxenException.class)
.addClass(org.apache.commons.beanutils.locale.LocaleConvertUtilsBean.class)
.addClass(org.apache.commons.pool2.impl.GenericObjectPool.class)
.addClass(org.apache.batik.bridge.BridgeException.class)
.addClass(com.fasterxml.jackson.databind.JsonNode.class)
.addClass(com.lowagie.text.pdf.PdfWriter.class)
.addClass(antlr.MismatchedTokenException.class)
.addClass(org.jfree.chart.JFreeChart.class)
.addClass(org.jfree.chart.plot.PlotOrientation.class)
.addClass(org.jfree.chart.plot.PlotOrientation.class)
.addClass(org.apache.commons.digester.SetNestedPropertiesRule.class)
.addClass(org.apache.commons.collections.map.ReferenceMap.class)
.addClass(org.olap4j.metadata.Level.class)
.addClass(org.jfree.data.general.DatasetGroup.class)
.addClass(org.jfree.chart.plot.PlotOrientation.class)
.addClass(net.sourceforge.barbecue.output.OutputException.class)
.addClass(org.krysalis.barcode4j.HumanReadablePlacement.class)
.addClass(org.apache.commons.beanutils.locale.LocaleConvertUtilsBean.class)
.addClass(com.lowagie.text.pdf.PdfWriter.class)
.addClass(com.lowagie.text.pdf.PdfObject.class)
.addClass(mondrian.olap.Result.class)
.addClass(org.krysalis.barcode4j.HumanReadablePlacement.class)
.addClass(org.jfree.chart.plot.PlotOrientation.class)
.addClass(org.mozilla.javascript.EvaluatorException.class)
.addClass(org.apache.commons.collections.map.ReferenceMap.class)
.addClass(antlr.ANTLRException.class)
.addClass(org.apache.tools.ant.Project.class)
.addClass(org.jfree.data.category.CategoryDataset.class)
.addClass(com.github.ffpojo.util.StringUtil.class)
.addClass(com.github.ffpojo.util.StringUtil.class)
.addClass(com.github.ffpojo.util.StringUtil.class)
